C:\Program Files (x86)\MSBuild\Microsoft.Cpp\v4.0\V140\Microsoft.CppBuild.targets(392,5): warning MSB8028: The intermediate directory (Debug\) contains files shared from another project (Lesson02.vcxproj, Lesson03.vcxproj, Lesson04.vcxproj, Lesson05.vcxproj).  This can lead to incorrect clean and rebuild behavior.
  glad.c
  RenderEngine.cpp
  Demo.cpp
d:\materi kuliah\grafkom\ta\vs\lesson05\demo.cpp(57): warning C4305: '-=': truncation from 'double' to 'float'
d:\materi kuliah\grafkom\ta\vs\lesson05\demo.cpp(60): warning C4305: '+=': truncation from 'double' to 'float'
d:\materi kuliah\grafkom\ta\vs\lesson05\demo.cpp(203): warning C4838: conversion from 'double' to 'float' requires a narrowing conversion
d:\materi kuliah\grafkom\ta\vs\lesson05\demo.cpp(203): warning C4305: 'initializing': truncation from 'double' to 'float'
d:\materi kuliah\grafkom\ta\vs\lesson05\demo.cpp(317): warning C4838: conversion from 'double' to 'float' requires a narrowing conversion
d:\materi kuliah\grafkom\ta\vs\lesson05\demo.cpp(317): warning C4305: 'initializing': truncation from 'double' to 'float'
d:\materi kuliah\grafkom\ta\vs\lesson05\demo.cpp(411): warning C4838: conversion from 'double' to 'float' requires a narrowing conversion
d:\materi kuliah\grafkom\ta\vs\lesson05\demo.cpp(411): warning C4305: 'initializing': truncation from 'double' to 'float'
d:\materi kuliah\grafkom\ta\vs\lesson05\demo.cpp(517): warning C4838: conversion from 'double' to 'float' requires a narrowing conversion
d:\materi kuliah\grafkom\ta\vs\lesson05\demo.cpp(517): warning C4305: 'initializing': truncation from 'double' to 'float'
d:\materi kuliah\grafkom\ta\vs\lesson05\demo.cpp(623): warning C4838: conversion from 'double' to 'float' requires a narrowing conversion
d:\materi kuliah\grafkom\ta\vs\lesson05\demo.cpp(623): warning C4305: 'initializing': truncation from 'double' to 'float'
d:\materi kuliah\grafkom\ta\vs\lesson05\demo.cpp(756): warning C4838: conversion from 'double' to 'float' requires a narrowing conversion
d:\materi kuliah\grafkom\ta\vs\lesson05\demo.cpp(756): warning C4305: 'initializing': truncation from 'double' to 'float'
d:\materi kuliah\grafkom\ta\vs\lesson05\demo.cpp(855): warning C4838: conversion from 'double' to 'float' requires a narrowing conversion
d:\materi kuliah\grafkom\ta\vs\lesson05\demo.cpp(855): warning C4305: 'initializing': truncation from 'double' to 'float'
d:\materi kuliah\grafkom\ta\vs\lesson05\demo.cpp(934): warning C4838: conversion from 'double' to 'float' requires a narrowing conversion
d:\materi kuliah\grafkom\ta\vs\lesson05\demo.cpp(934): warning C4305: 'initializing': truncation from 'double' to 'float'
d:\materi kuliah\grafkom\ta\vs\lesson05\demo.cpp(1007): warning C4838: conversion from 'double' to 'float' requires a narrowing conversion
d:\materi kuliah\grafkom\ta\vs\lesson05\demo.cpp(1007): warning C4305: 'initializing': truncation from 'double' to 'float'
d:\materi kuliah\grafkom\ta\vs\lesson05\demo.cpp(1086): warning C4838: conversion from 'double' to 'float' requires a narrowing conversion
d:\materi kuliah\grafkom\ta\vs\lesson05\demo.cpp(1086): warning C4305: 'initializing': truncation from 'double' to 'float'
d:\materi kuliah\grafkom\ta\vs\lesson05\demo.cpp(1192): warning C4838: conversion from 'double' to 'float' requires a narrowing conversion
d:\materi kuliah\grafkom\ta\vs\lesson05\demo.cpp(1192): warning C4305: 'initializing': truncation from 'double' to 'float'
d:\materi kuliah\grafkom\ta\vs\lesson05\demo.cpp(1306): warning C4838: conversion from 'double' to 'float' requires a narrowing conversion
d:\materi kuliah\grafkom\ta\vs\lesson05\demo.cpp(1306): warning C4305: 'initializing': truncation from 'double' to 'float'
  Generating Code...
LINK : warning LNK4098: defaultlib 'MSVCRT' conflicts with use of other libs; use /NODEFAULTLIB:library
SOIL.lib(image_DXT.obj) : warning LNK4099: PDB 'vc110.pdb' was not found with 'SOIL.lib(image_DXT.obj)' or at 'D:\Materi Kuliah\GrafKom\TA\vs\Lesson05\Debug\vc110.pdb'; linking object as if no debug info
SOIL.lib(image_helper.obj) : warning LNK4099: PDB 'vc110.pdb' was not found with 'SOIL.lib(image_helper.obj)' or at 'D:\Materi Kuliah\GrafKom\TA\vs\Lesson05\Debug\vc110.pdb'; linking object as if no debug info
SOIL.lib(SOIL.obj) : warning LNK4099: PDB 'vc110.pdb' was not found with 'SOIL.lib(SOIL.obj)' or at 'D:\Materi Kuliah\GrafKom\TA\vs\Lesson05\Debug\vc110.pdb'; linking object as if no debug info
SOIL.lib(stb_image_aug.obj) : warning LNK4099: PDB 'vc110.pdb' was not found with 'SOIL.lib(stb_image_aug.obj)' or at 'D:\Materi Kuliah\GrafKom\TA\vs\Lesson05\Debug\vc110.pdb'; linking object as if no debug info
  Lesson05.vcxproj -> D:\Materi Kuliah\GrafKom\TA\vs\Lesson05\Debug\Kelompok_Manusia.exe
  Lesson05.vcxproj -> D:\Materi Kuliah\GrafKom\TA\vs\Lesson05\Debug\Kelompok_Manusia.pdb (Partial PDB)
